C:\USERS\STUDENT\DESKTOP\KYLEC\MATH_2ND_AND_3RD_GRADE_LEARNING_PROJECT\DEBUG\MATH_2ND_AND_3RD_GRADE_LEARNING_PROJECT.EXE
C:\USERS\STUDENT\DESKTOP\KYLEC\MATH_2ND_AND_3RD_GRADE_LEARNING_PROJECT\DEBUG\MATH_2ND_AND_3RD_GRADE_LEARNING_PROJECT.ILK
C:\USERS\STUDENT\DESKTOP\KYLEC\MATH_2ND_AND_3RD_GRADE_LEARNING_PROJECT\DEBUG\MATH_2ND_AND_3RD_GRADE_LEARNING_PROJECT.PDB
C:\Users\student\Desktop\kylec\Math_2nd_and_3rd_grade_Learning_Project\Math_2nd_and_3rd_grade_Learning_Project\Debug\cl.command.1.tlog
C:\Users\student\Desktop\kylec\Math_2nd_and_3rd_grade_Learning_Project\Math_2nd_and_3rd_grade_Learning_Project\Debug\CL.read.1.tlog
C:\Users\student\Desktop\kylec\Math_2nd_and_3rd_grade_Learning_Project\Math_2nd_and_3rd_grade_Learning_Project\Debug\CL.write.1.tlog
C:\Users\student\Desktop\kylec\Math_2nd_and_3rd_grade_Learning_Project\Math_2nd_and_3rd_grade_Learning_Project\Debug\link.3700.read.1.tlog
C:\Users\student\Desktop\kylec\Math_2nd_and_3rd_grade_Learning_Project\Math_2nd_and_3rd_grade_Learning_Project\Debug\link.3700.write.1.tlog
C:\Users\student\Desktop\kylec\Math_2nd_and_3rd_grade_Learning_Project\Math_2nd_and_3rd_grade_Learning_Project\Debug\link.3700-cvtres.read.1.tlog
C:\Users\student\Desktop\kylec\Math_2nd_and_3rd_grade_Learning_Project\Math_2nd_and_3rd_grade_Learning_Project\Debug\link.3700-cvtres.write.1.tlog
C:\Users\student\Desktop\kylec\Math_2nd_and_3rd_grade_Learning_Project\Math_2nd_and_3rd_grade_Learning_Project\Debug\link.command.1.tlog
C:\Users\student\Desktop\kylec\Math_2nd_and_3rd_grade_Learning_Project\Math_2nd_and_3rd_grade_Learning_Project\Debug\link.read.1.tlog
C:\Users\student\Desktop\kylec\Math_2nd_and_3rd_grade_Learning_Project\Math_2nd_and_3rd_grade_Learning_Project\Debug\link.write.1.tlog
C:\Users\student\Desktop\kylec\Math_2nd_and_3rd_grade_Learning_Project\Math_2nd_and_3rd_grade_Learning_Project\Debug\link-cvtres.read.1.tlog
C:\Users\student\Desktop\kylec\Math_2nd_and_3rd_grade_Learning_Project\Math_2nd_and_3rd_grade_Learning_Project\Debug\link-cvtres.write.1.tlog
C:\USERS\STUDENT\DESKTOP\KYLEC\MATH_2ND_AND_3RD_GRADE_LEARNING_PROJECT\MATH_2ND_AND_3RD_GRADE_LEARNING_PROJECT\DEBUG\MATH_2ND_AND_3RD_GRADE_LEARNING_PROJECT.EXE.EMBED.MANIFEST
C:\USERS\STUDENT\DESKTOP\KYLEC\MATH_2ND_AND_3RD_GRADE_LEARNING_PROJECT\MATH_2ND_AND_3RD_GRADE_LEARNING_PROJECT\DEBUG\MATH_2ND_AND_3RD_GRADE_LEARNING_PROJECT.EXE.EMBED.MANIFEST.RES
C:\USERS\STUDENT\DESKTOP\KYLEC\MATH_2ND_AND_3RD_GRADE_LEARNING_PROJECT\MATH_2ND_AND_3RD_GRADE_LEARNING_PROJECT\DEBUG\MATH_2ND_AND_3RD_GRADE_LEARNING_PROJECT.EXE.INTERMEDIATE.MANIFEST
C:\USERS\STUDENT\DESKTOP\KYLEC\MATH_2ND_AND_3RD_GRADE_LEARNING_PROJECT\MATH_2ND_AND_3RD_GRADE_LEARNING_PROJECT\DEBUG\MATH_2ND_AND_3RD_GRADE_LEARNING_PROJECT.OBJ
C:\Users\student\Desktop\kylec\Math_2nd_and_3rd_grade_Learning_Project\Math_2nd_and_3rd_grade_Learning_Project\Debug\Math_2nd_and_3rd_grade_Learning_Project.write.1.tlog
C:\Users\student\Desktop\kylec\Math_2nd_and_3rd_grade_Learning_Project\Math_2nd_and_3rd_grade_Learning_Project\Debug\Math_2nd_and_3rd_grade_Learning_Project_manifest.rc
C:\Users\student\Desktop\kylec\Math_2nd_and_3rd_grade_Learning_Project\Math_2nd_and_3rd_grade_Learning_Project\Debug\mt.command.1.tlog
C:\Users\student\Desktop\kylec\Math_2nd_and_3rd_grade_Learning_Project\Math_2nd_and_3rd_grade_Learning_Project\Debug\mt.read.1.tlog
C:\Users\student\Desktop\kylec\Math_2nd_and_3rd_grade_Learning_Project\Math_2nd_and_3rd_grade_Learning_Project\Debug\mt.write.1.tlog
C:\Users\student\Desktop\kylec\Math_2nd_and_3rd_grade_Learning_Project\Math_2nd_and_3rd_grade_Learning_Project\Debug\rc.command.1.tlog
C:\Users\student\Desktop\kylec\Math_2nd_and_3rd_grade_Learning_Project\Math_2nd_and_3rd_grade_Learning_Project\Debug\rc.read.1.tlog
C:\Users\student\Desktop\kylec\Math_2nd_and_3rd_grade_Learning_Project\Math_2nd_and_3rd_grade_Learning_Project\Debug\rc.write.1.tlog
C:\Users\student\Desktop\kylec\Math_2nd_and_3rd_grade_Learning_Project\Math_2nd_and_3rd_grade_Learning_Project\Debug\vc100.idb
C:\USERS\STUDENT\DESKTOP\KYLEC\MATH_2ND_AND_3RD_GRADE_LEARNING_PROJECT\MATH_2ND_AND_3RD_GRADE_LEARNING_PROJECT\DEBUG\VC100.PDB
